[INFO] Scanning for projects...
[INFO] 
[INFO] ----------------------< com.saerp:saerp-backend >-----------------------
[INFO] Building SAERP Backend 1.0.0
[INFO]   from pom.xml
[INFO] --------------------------------[ jar ]---------------------------------
[INFO] 
[INFO] >>> spring-boot:3.2.3:run (default-cli) > test-compile @ saerp-backend >>>
[INFO] 
[INFO] --- resources:3.3.1:resources (default-resources) @ saerp-backend ---
[INFO] Copying 2 resources from src\main\resources to target\classes
[INFO] Copying 1 resource from src\main\resources to target\classes
[INFO] 
[INFO] --- compiler:3.11.0:compile (default-compile) @ saerp-backend ---
[INFO] Nothing to compile - all classes are up to date
[INFO] 
[INFO] --- resources:3.3.1:testResources (default-testResources) @ saerp-backend ---
[INFO] skip non existing resourceDirectory C:\Users\gokulbtech\OneDrive\Desktop\Project\miniproject\backend\src\test\resources
[INFO] 
[INFO] --- compiler:3.11.0:testCompile (default-testCompile) @ saerp-backend ---
[INFO] No sources to compile
[INFO] 
[INFO] <<< spring-boot:3.2.3:run (default-cli) < test-compile @ saerp-backend <<<
[INFO] 
[INFO] 
[INFO] --- spring-boot:3.2.3:run (default-cli) @ saerp-backend ---
[INFO] Attaching agents: []
Standard Commons Logging discovery in action with spring-jcl: please remove commons-logging.jar from classpath in order to avoid potential conflicts

  .   ____          _            __ _ _
 /\\ / ___'_ __ _ _(_)_ __  __ _ \ \ \ \
( ( )\___ | '_ | '_| | '_ \/ _` | \ \ \ \
 \\/  ___)| |_)| | | | | || (_| |  ) ) ) )
  '  |____| .__|_| |_|_| |_\__, | / / / /
 =========|_|==============|___/=/_/_/_/
 :: Spring Boot ::                (v3.2.3)

2026-03-07T14:27:17.262+05:30  INFO 31264 --- [           main] com.saerp.SaerpApplication               : Starting SaerpApplication using Java 21.0.7 with PID 31264 (C:\Users\gokulbtech\OneDrive\Desktop\Project\miniproject\backend\target\classes started by gokulbtech in C:\Users\gokulbtech\OneDrive\Desktop\Project\miniproject\backend)
2026-03-07T14:27:17.265+05:30  INFO 31264 --- [           main] com.saerp.SaerpApplication               : No active profile set, falling back to 1 default profile: "default"
2026-03-07T14:27:18.471+05:30  INFO 31264 --- [           main] .s.d.r.c.RepositoryConfigurationDelegate : Bootstrapping Spring Data JPA repositories in DEFAULT mode.
2026-03-07T14:27:18.586+05:30  INFO 31264 --- [           main] .s.d.r.c.RepositoryConfigurationDelegate : Finished Spring Data repository scanning in 98 ms. Found 10 JPA repository interfaces.
2026-03-07T14:27:19.822+05:30  INFO 31264 --- [           main] o.s.b.w.embedded.tomcat.TomcatWebServer  : Tomcat initialized with port 8080 (http)
2026-03-07T14:27:19.848+05:30  INFO 31264 --- [           main] o.apache.catalina.core.StandardService   : Starting service [Tomcat]
2026-03-07T14:27:19.849+05:30  INFO 31264 --- [           main] o.apache.catalina.core.StandardEngine    : Starting Servlet engine: [Apache Tomcat/10.1.19]
2026-03-07T14:27:19.936+05:30  INFO 31264 --- [           main] o.a.c.c.C.[Tomcat].[localhost].[/api]    : Initializing Spring embedded WebApplicationContext
2026-03-07T14:27:19.937+05:30  INFO 31264 --- [           main] w.s.c.ServletWebServerApplicationContext : Root WebApplicationContext: initialization completed in 2611 ms
Standard Commons Logging discovery in action with spring-jcl: please remove commons-logging.jar from classpath in order to avoid potential conflicts
2026-03-07T14:27:20.059+05:30  INFO 31264 --- [           main] com.zaxxer.hikari.HikariDataSource       : HikariPool-1 - Starting...
2026-03-07T14:27:20.483+05:30  INFO 31264 --- [           main] com.zaxxer.hikari.pool.HikariPool        : HikariPool-1 - Added connection com.mysql.cj.jdbc.ConnectionImpl@740fefc6
2026-03-07T14:27:20.488+05:30  INFO 31264 --- [           main] com.zaxxer.hikari.HikariDataSource       : HikariPool-1 - Start completed.
2026-03-07T14:27:20.748+05:30  INFO 31264 --- [           main] o.hibernate.jpa.internal.util.LogHelper  : HHH000204: Processing PersistenceUnitInfo [name: default]
2026-03-07T14:27:20.897+05:30  INFO 31264 --- [           main] org.hibernate.Version                    : HHH000412: Hibernate ORM core version 6.4.4.Final
2026-03-07T14:27:20.948+05:30  INFO 31264 --- [           main] o.h.c.internal.RegionFactoryInitiator    : HHH000026: Second-level cache disabled
2026-03-07T14:27:21.423+05:30  INFO 31264 --- [           main] o.s.o.j.p.SpringPersistenceUnitInfo      : No LoadTimeWeaver setup: ignoring JPA class transformer
2026-03-07T14:27:21.575+05:30  WARN 31264 --- [           main] org.hibernate.dialect.Dialect            : HHH000511: The 5.5.62 version for [org.hibernate.dialect.MySQLDialect] is no longer supported, hence certain features may not work properly. The minimum supported version is 8.0.0. Check the community dialects project for available legacy versions.
2026-03-07T14:27:21.585+05:30  WARN 31264 --- [           main] org.hibernate.orm.deprecation            : HHH90000025: MySQLDialect does not need to be specified explicitly using 'hibernate.dialect' (remove the property setting and it will be selected by default)
2026-03-07T14:27:23.227+05:30  INFO 31264 --- [           main] o.h.e.t.j.p.i.JtaPlatformInitiator       : HHH000489: No JTA platform available (set 'hibernate.transaction.jta.platform' to enable JTA platform integration)
2026-03-07T14:27:23.232+05:30  INFO 31264 --- [           main] j.LocalContainerEntityManagerFactoryBean : Initialized JPA EntityManagerFactory for persistence unit 'default'
2026-03-07T14:27:24.100+05:30  INFO 31264 --- [           main] o.s.d.j.r.query.QueryEnhancerFactory     : Hibernate is in classpath; If applicable, HQL parser will be used.
2026-03-07T14:27:25.755+05:30  WARN 31264 --- [           main] JpaBaseConfiguration$JpaWebConfiguration : spring.jpa.open-in-view is enabled by default. Therefore, database queries may be performed during view rendering. Explicitly configure spring.jpa.open-in-view to disable this warning
2026-03-07T14:27:27.153+05:30  INFO 31264 --- [           main] o.s.b.w.embedded.tomcat.TomcatWebServer  : Tomcat started on port 8080 (http) with context path '/api'
2026-03-07T14:27:27.170+05:30  INFO 31264 --- [           main] com.saerp.SaerpApplication               : Started SaerpApplication in 10.485 seconds (process running for 11.04)
2026-03-07T14:31:36.573+05:30  INFO 31264 --- [nio-8080-exec-1] o.a.c.c.C.[Tomcat].[localhost].[/api]    : Initializing Spring DispatcherServlet 'dispatcherServlet'
2026-03-07T14:31:36.599+05:30  INFO 31264 --- [nio-8080-exec-1] o.s.web.servlet.DispatcherServlet        : Initializing Servlet 'dispatcherServlet'
2026-03-07T14:31:36.778+05:30  INFO 31264 --- [nio-8080-exec-1] o.s.web.servlet.DispatcherServlet        : Completed initialization in 174 ms

