[INFO] Scanning for projects...
[INFO] 
[INFO] ----------------------< com.saerp:saerp-backend >-----------------------
[INFO] Building SAERP Backend 1.0.0
[INFO]   from pom.xml
[INFO] --------------------------------[ jar ]---------------------------------
[INFO] 
[INFO] >>> spring-boot:3.2.3:run (default-cli) > test-compile @ saerp-backend >>>
[INFO] 
[INFO] --- resources:3.3.1:resources (default-resources) @ saerp-backend ---
[INFO] Copying 2 resources from src\main\resources to target\classes
[INFO] Copying 1 resource from src\main\resources to target\classes
[INFO] 
[INFO] --- compiler:3.11.0:compile (default-compile) @ saerp-backend ---
[INFO] Nothing to compile - all classes are up to date
[INFO] 
[INFO] --- resources:3.3.1:testResources (default-testResources) @ saerp-backend ---
[INFO] skip non existing resourceDirectory C:\Users\gokulbtech\OneDrive\Desktop\Project\miniproject\backend\src\test\resources
[INFO] 
[INFO] --- compiler:3.11.0:testCompile (default-testCompile) @ saerp-backend ---
[INFO] No sources to compile
[INFO] 
[INFO] <<< spring-boot:3.2.3:run (default-cli) < test-compile @ saerp-backend <<<
[INFO] 
[INFO] 
[INFO] --- spring-boot:3.2.3:run (default-cli) @ saerp-backend ---
[INFO] Attaching agents: []
Standard Commons Logging discovery in action with spring-jcl: please remove commons-logging.jar from classpath in order to avoid potential conflicts

  .   ____          _            __ _ _
 /\\ / ___'_ __ _ _(_)_ __  __ _ \ \ \ \
( ( )\___ | '_ | '_| | '_ \/ _` | \ \ \ \
 \\/  ___)| |_)| | | | | || (_| |  ) ) ) )
  '  |____| .__|_| |_|_| |_\__, | / / / /
 =========|_|==============|___/=/_/_/_/
 :: Spring Boot ::                (v3.2.3)

2026-03-09T22:01:52.446+05:30  INFO 26088 --- [           main] com.saerp.SaerpApplication               : Starting SaerpApplication using Java 21.0.7 with PID 26088 (C:\Users\gokulbtech\OneDrive\Desktop\Project\miniproject\backend\target\classes started by gokulbtech in C:\Users\gokulbtech\OneDrive\Desktop\Project\miniproject\backend)
2026-03-09T22:01:52.453+05:30  INFO 26088 --- [           main] com.saerp.SaerpApplication               : No active profile set, falling back to 1 default profile: "default"
2026-03-09T22:01:56.489+05:30  INFO 26088 --- [           main] .s.d.r.c.RepositoryConfigurationDelegate : Bootstrapping Spring Data JPA repositories in DEFAULT mode.
2026-03-09T22:01:57.059+05:30  INFO 26088 --- [           main] .s.d.r.c.RepositoryConfigurationDelegate : Finished Spring Data repository scanning in 526 ms. Found 11 JPA repository interfaces.
2026-03-09T22:01:59.546+05:30  INFO 26088 --- [           main] o.s.b.w.embedded.tomcat.TomcatWebServer  : Tomcat initialized with port 8080 (http)
2026-03-09T22:01:59.597+05:30  INFO 26088 --- [           main] o.apache.catalina.core.StandardService   : Starting service [Tomcat]
2026-03-09T22:01:59.598+05:30  INFO 26088 --- [           main] o.apache.catalina.core.StandardEngine    : Starting Servlet engine: [Apache Tomcat/10.1.19]
2026-03-09T22:01:59.865+05:30  INFO 26088 --- [           main] o.a.c.c.C.[Tomcat].[localhost].[/api]    : Initializing Spring embedded WebApplicationContext
2026-03-09T22:01:59.867+05:30  INFO 26088 --- [           main] w.s.c.ServletWebServerApplicationContext : Root WebApplicationContext: initialization completed in 7161 ms
Standard Commons Logging discovery in action with spring-jcl: please remove commons-logging.jar from classpath in order to avoid potential conflicts
2026-03-09T22:02:00.213+05:30  INFO 26088 --- [           main] com.zaxxer.hikari.HikariDataSource       : HikariPool-1 - Starting...
2026-03-09T22:02:00.808+05:30  INFO 26088 --- [           main] com.zaxxer.hikari.pool.HikariPool        : HikariPool-1 - Added connection com.mysql.cj.jdbc.ConnectionImpl@bd3eff4
2026-03-09T22:02:00.816+05:30  INFO 26088 --- [           main] com.zaxxer.hikari.HikariDataSource       : HikariPool-1 - Start completed.
2026-03-09T22:02:01.203+05:30  INFO 26088 --- [           main] o.hibernate.jpa.internal.util.LogHelper  : HHH000204: Processing PersistenceUnitInfo [name: default]
2026-03-09T22:02:01.450+05:30  INFO 26088 --- [           main] org.hibernate.Version                    : HHH000412: Hibernate ORM core version 6.4.4.Final
2026-03-09T22:02:01.644+05:30  INFO 26088 --- [           main] o.h.c.internal.RegionFactoryInitiator    : HHH000026: Second-level cache disabled
2026-03-09T22:02:03.186+05:30  INFO 26088 --- [           main] o.s.o.j.p.SpringPersistenceUnitInfo      : No LoadTimeWeaver setup: ignoring JPA class transformer
2026-03-09T22:02:03.420+05:30  WARN 26088 --- [           main] org.hibernate.dialect.Dialect            : HHH000511: The 5.5.62 version for [org.hibernate.dialect.MySQLDialect] is no longer supported, hence certain features may not work properly. The minimum supported version is 8.0.0. Check the community dialects project for available legacy versions.
2026-03-09T22:02:03.435+05:30  WARN 26088 --- [           main] org.hibernate.orm.deprecation            : HHH90000025: MySQLDialect does not need to be specified explicitly using 'hibernate.dialect' (remove the property setting and it will be selected by default)
2026-03-09T22:02:10.302+05:30  INFO 26088 --- [           main] o.h.e.t.j.p.i.JtaPlatformInitiator       : HHH000489: No JTA platform available (set 'hibernate.transaction.jta.platform' to enable JTA platform integration)
2026-03-09T22:02:10.868+05:30  INFO 26088 --- [           main] j.LocalContainerEntityManagerFactoryBean : Initialized JPA EntityManagerFactory for persistence unit 'default'
2026-03-09T22:02:12.123+05:30  INFO 26088 --- [           main] o.s.d.j.r.query.QueryEnhancerFactory     : Hibernate is in classpath; If applicable, HQL parser will be used.
2026-03-09T22:02:14.722+05:30  WARN 26088 --- [           main] JpaBaseConfiguration$JpaWebConfiguration : spring.jpa.open-in-view is enabled by default. Therefore, database queries may be performed during view rendering. Explicitly configure spring.jpa.open-in-view to disable this warning
2026-03-09T22:02:16.882+05:30  INFO 26088 --- [           main] o.s.b.w.embedded.tomcat.TomcatWebServer  : Tomcat started on port 8080 (http) with context path '/api'
2026-03-09T22:02:16.904+05:30  INFO 26088 --- [           main] com.saerp.SaerpApplication               : Started SaerpApplication in 25.998 seconds (process running for 27.664)
Registered student (ID: 13) for course: Database Systems
Registered student (ID: 13) for course: Web Development
Registered student (ID: 13) for course: Data Science
Registered student (ID: 13) for course: Machine Learning
2026-03-09T22:17:46.638+05:30  WARN 26088 --- [l-1 housekeeper] com.zaxxer.hikari.pool.HikariPool        : HikariPool-1 - Thread starvation or clock leap detected (housekeeper delta=10m45s446ms553µs900ns).
2026-03-10T08:46:44.155+05:30  WARN 26088 --- [l-1 housekeeper] com.zaxxer.hikari.pool.HikariPool        : HikariPool-1 - Thread starvation or clock leap detected (housekeeper delta=10h29m349ms276µs300ns).
^C